<?xml version="1.0" encoding="UTF-8"?>
<!-- Generated by org.testng.reporters.JUnitReportReporter -->
<testsuite hostname="DESKTOP-0V34456" failures="0" tests="1" name="base.initial" time="24.385" errors="0" timestamp="25 Jan 2023 10:47:27 GMT" skipped="0">
  <testcase classname="base.initial" name="main" time="24.385"/>
</testsuite> <!-- base.initial -->
