<?xml version="1.0" encoding="UTF-8"?>
<!-- Generated by org.testng.reporters.JUnitReportReporter -->
<testsuite hostname="DESKTOP-0V34456" failures="0" tests="2" name="test.initialtest" time="19.015" errors="0" timestamp="26 Jan 2023 14:22:11 GMT" skipped="0">
  <testcase classname="test.initialtest" name="main" time="4.801"/>
  <testcase classname="test.initialtest" name="mainn" time="14.214"/>
</testsuite> <!-- test.initialtest -->
